[debug] [2025-04-03T20:14:53.789Z] ----------------------------------------------------------------------
[debug] [2025-04-03T20:14:53.791Z] Command:       C:\Program Files\nodejs\node.exe C:\Users\merli\AppData\Roaming\npm\node_modules\firebase-tools\lib\bin\firebase.js init hosting
[debug] [2025-04-03T20:14:53.791Z] CLI Version:   14.1.0
[debug] [2025-04-03T20:14:53.791Z] Platform:      win32
[debug] [2025-04-03T20:14:53.792Z] Node Version:  v22.14.0
[debug] [2025-04-03T20:14:53.792Z] Time:          Thu Apr 03 2025 22:14:53 GMT+0200 (Midden-Europese zomertijd)
[debug] [2025-04-03T20:14:53.792Z] ----------------------------------------------------------------------
[debug] 
[debug] [2025-04-03T20:14:53.796Z] > command requires scopes: ["email","openid","https://www.googleapis.com/auth/cloudplatformprojects.readonly","https://www.googleapis.com/auth/firebase","https://www.googleapis.com/auth/cloud-platform"]
[debug] [2025-04-03T20:14:53.797Z] > authorizing via signed-in user (merlijnverkerk@gmail.com)
[info] 
     ######## #### ########  ######## ########     ###     ######  ########
     ##        ##  ##     ## ##       ##     ##  ##   ##  ##       ##
     ######    ##  ########  ######   ########  #########  ######  ######
     ##        ##  ##    ##  ##       ##     ## ##     ##       ## ##
     ##       #### ##     ## ######## ########  ##     ##  ######  ########

You're about to initialize a Firebase project in this directory:

  C:\Users\merli\OneDrive\Documenten\Websites\statistisch sterk

[info] 
=== Project Setup
[info] 
[info] First, let's associate this project directory with a Firebase project.
[info] You can create multiple project aliases by running firebase use --add, 
[info] but for now we'll just set up a default project.
[info] 
[debug] [2025-04-03T20:15:23.959Z] Checked if tokens are valid: true, expires at: 1743714828065
[debug] [2025-04-03T20:15:23.959Z] Checked if tokens are valid: true, expires at: 1743714828065
[debug] [2025-04-03T20:15:23.960Z] >>> [apiv2][query] GET https://firebase.googleapis.com/v1beta1/projects pageSize=100
[debug] [2025-04-03T20:15:24.364Z] <<< [apiv2][status] GET https://firebase.googleapis.com/v1beta1/projects 200
[debug] [2025-04-03T20:15:24.364Z] <<< [apiv2][body] GET https://firebase.googleapis.com/v1beta1/projects [omitted]
[info] i  Using project hra-analytics-website (Statistisch sterk) 
[info] 
=== Hosting Setup
[debug] [2025-04-03T20:15:28.201Z] Checked if tokens are valid: true, expires at: 1743714828065
[debug] [2025-04-03T20:15:28.201Z] Checked if tokens are valid: true, expires at: 1743714828065
[debug] [2025-04-03T20:15:28.201Z] >>> [apiv2][query] GET https://firebase.googleapis.com/v1beta1/projects/hra-analytics-website [none]
[debug] [2025-04-03T20:15:28.398Z] <<< [apiv2][status] GET https://firebase.googleapis.com/v1beta1/projects/hra-analytics-website 200
[debug] [2025-04-03T20:15:28.398Z] <<< [apiv2][body] GET https://firebase.googleapis.com/v1beta1/projects/hra-analytics-website {"projectId":"hra-analytics-website","projectNumber":"842280539245","displayName":"Statistisch sterk","name":"projects/hra-analytics-website","resources":{"hostingSite":"hra-analytics-website"},"state":"ACTIVE","etag":"1_f39b5e0f-8a40-4b79-bdc4-ced5487fb61f"}
[info] 
[info] Your public directory is the folder (relative to your project directory) that
[info] will contain Hosting assets to be uploaded with firebase deploy. If you
[info] have a build process for your assets, use your build's output directory.
[info] 
[info] +  Wrote public/404.html 
[debug] [2025-04-03T20:15:59.774Z] >>> [apiv2][query] GET https://www.gstatic.com/firebasejs/releases.json [none]
[debug] [2025-04-03T20:15:59.847Z] <<< [apiv2][status] GET https://www.gstatic.com/firebasejs/releases.json 200
[debug] [2025-04-03T20:15:59.847Z] <<< [apiv2][body] GET https://www.gstatic.com/firebasejs/releases.json {"current":{"version":"11.6.0","browserURL":"https://www.gstatic.com/firebasejs/11.6.0/firebase.js","packageURL":"https://www.gstatic.com/firebasejs/11.6.0/firebase.tgz"},"live":{"version":"11.6","browserURL":"https://www.gstatic.com/firebasejs/live/11.6/firebase.js","packageURL":"https://www.gstatic.com/firebasejs/live/11.6/firebase.tgz"},"components":{"analytics":"https://www.gstatic.com/firebasejs/11.6.0/firebase-analytics.js","app":"https://www.gstatic.com/firebasejs/11.6.0/firebase-app.js","app-check":"https://www.gstatic.com/firebasejs/11.6.0/firebase-app-check.js","auth":"https://www.gstatic.com/firebasejs/11.6.0/firebase-auth.js","auth/cordova":"https://www.gstatic.com/firebasejs/11.6.0/firebase-auth/cordova.js","auth/web-extension":"https://www.gstatic.com/firebasejs/11.6.0/firebase-auth/web-extension.js","functions":"https://www.gstatic.com/firebasejs/11.6.0/firebase-functions.js","firestore":"https://www.gstatic.com/firebasejs/11.6.0/firebase-firestore.js","firestore/lite":"https://www.gstatic.com/firebasejs/11.6.0/firebase-firestore/lite.js","installations":"https://www.gstatic.com/firebasejs/11.6.0/firebase-installations.js","storage":"https://www.gstatic.com/firebasejs/11.6.0/firebase-storage.js","performance":"https://www.gstatic.com/firebasejs/11.6.0/firebase-performance.js","remote-config":"https://www.gstatic.com/firebasejs/11.6.0/firebase-remote-config.js","messaging":"https://www.gstatic.com/firebasejs/11.6.0/firebase-messaging.js","messaging/sw":"https://www.gstatic.com/firebasejs/11.6.0/firebase-messaging/sw.js","database":"https://www.gstatic.com/firebasejs/11.6.0/firebase-database.js","vertexai":"https://www.gstatic.com/firebasejs/11.6.0/firebase-vertexai.js","data-connect":"https://www.gstatic.com/firebasejs/11.6.0/firebase-data-connect.js","firestore.memory":"https://www.gstatic.com/firebasejs/11.6.0/firebase-firestore.memory.js"}}
[info] +  Wrote public/index.html 
[info] 
[info] i  Didn't detect a .git folder. Assuming C:\Users\merli\OneDrive\Documenten\Websites\statistisch sterk is the project root. 
[info] i  Authorizing with GitHub to upload your service account to a GitHub repository's secrets store. 
[info] 
[info] Visit this URL on this device to log in:
[info] https://github.com/login/oauth/authorize?client_id=89cf50f02ac6aaed3484&state=159047019&redirect_uri=http%3A%2F%2Flocalhost%3A9005&scope=read%3Auser%20repo%20public_repo
[info] 
[info] Waiting for authentication...
